Release 11.1 - xst L.33 (nt)
Copyright (c) 1995-2009 Xilinx, Inc.  All rights reserved.
--> Parameter TMPDIR set to xst/projnav.tmp


Total REAL time to Xst completion: 0.00 secs
Total CPU time to Xst completion: 0.13 secs
 
--> Parameter xsthdpdir set to xst


Total REAL time to Xst completion: 0.00 secs
Total CPU time to Xst completion: 0.13 secs
 
--> Reading design: nexys2_toplevel.prj

TABLE OF CONTENTS
  1) Synthesis Options Summary
  2) HDL Compilation
  3) Design Hierarchy Analysis
  4) HDL Analysis
  5) HDL Synthesis
     5.1) HDL Synthesis Report
  6) Advanced HDL Synthesis
     6.1) Advanced HDL Synthesis Report
  7) Low Level Synthesis
  8) Partition Report
  9) Final Report
	9.1) Device utilization summary
	9.2) Partition Resource Summary
	9.3) TIMING REPORT


=========================================================================
*                      Synthesis Options Summary                        *
=========================================================================
---- Source Parameters
Input File Name                    : "nexys2_toplevel.prj"
Input Format                       : mixed
Ignore Synthesis Constraint File   : NO

---- Target Parameters
Output File Name                   : "nexys2_toplevel"
Output Format                      : NGC
Target Device                      : xc3s500e-5-fg320

---- Source Options
Top Module Name                    : nexys2_toplevel
Automatic FSM Extraction           : YES
FSM Encoding Algorithm             : Auto
Safe Implementation                : No
FSM Style                          : lut
RAM Extraction                     : Yes
RAM Style                          : Auto
ROM Extraction                     : Yes
Mux Style                          : Auto
Decoder Extraction                 : YES
Priority Encoder Extraction        : YES
Shift Register Extraction          : YES
Logical Shifter Extraction         : YES
XOR Collapsing                     : YES
ROM Style                          : Auto
Mux Extraction                     : YES
Resource Sharing                   : YES
Asynchronous To Synchronous        : NO
Automatic Register Balancing       : No

---- Target Options
Add IO Buffers                     : YES
Add Generic Clock Buffer(BUFG)     : 24
Register Duplication               : YES
Slice Packing                      : YES
Optimize Instantiated Primitives   : NO
Use Clock Enable                   : Yes
Use Synchronous Set                : Yes
Use Synchronous Reset              : Yes
Pack IO Registers into IOBs        : auto
Equivalent register Removal        : YES

---- General Options
Optimization Goal                  : Speed
Optimization Effort                : 1
Library Search Order               : nexys2_toplevel.lso
Keep Hierarchy                     : NO
Netlist Hierarchy                  : as_optimized
RTL Output                         : Yes
Global Optimization                : AllClockNets
Read Cores                         : YES
Write Timing Constraints           : NO
Cross Clock Analysis               : NO
Hierarchy Separator                : /
Bus Delimiter                      : <>
Case Specifier                     : maintain
Slice Utilization Ratio            : 100
BRAM Utilization Ratio             : 100
Verilog 2001                       : YES
Auto BRAM Packing                  : NO
Slice Utilization Ratio Delta      : 5

=========================================================================


=========================================================================
*                          HDL Compilation                              *
=========================================================================
Compiling verilog file "sandbox1.v" in library work
Compiling verilog file "toplevel.v" in library work
Module <sandbox1> compiled
Module <nexys2_toplevel> compiled
No errors in compilation
Analysis of file <"nexys2_toplevel.prj"> succeeded.
 

=========================================================================
*                     Design Hierarchy Analysis                         *
=========================================================================
Analyzing hierarchy for module <nexys2_toplevel> in library <work>.

Analyzing hierarchy for module <sandbox1> in library <work>.


=========================================================================
*                            HDL Analysis                               *
=========================================================================
Analyzing top module <nexys2_toplevel>.
Module <nexys2_toplevel> is correct for synthesis.
 
Analyzing module <sandbox1> in library <work>.
Module <sandbox1> is correct for synthesis.
 

=========================================================================
*                           HDL Synthesis                               *
=========================================================================

Performing bidirectional port resolution...

Synthesizing Unit <sandbox1>.
    Related source file is "sandbox1.v".
Unit <sandbox1> synthesized.


Synthesizing Unit <nexys2_toplevel>.
    Related source file is "toplevel.v".
WARNING:Xst:2565 - Inout <pmod_d<3>> is never assigned.
WARNING:Xst:2565 - Inout <mem_data<12>> is never assigned.
WARNING:Xst:2565 - Inout <pmod_a<1>> is never assigned.
WARNING:Xst:2565 - Inout <usb_data<5>> is never assigned.
WARNING:Xst:2565 - Inout <fx2<29>> is never assigned.
WARNING:Xst:2565 - Inout <fx2<34>> is never assigned.
WARNING:Xst:2565 - Inout <pmod_a<2>> is never assigned.
WARNING:Xst:2565 - Inout <mem_data<13>> is never assigned.
WARNING:Xst:2565 - Inout <usb_data<6>> is never assigned.
WARNING:Xst:2565 - Inout <fx2<35>> is never assigned.
WARNING:Xst:2565 - Inout <pmod_a<3>> is never assigned.
WARNING:Xst:2565 - Inout <mem_data<14>> is never assigned.
WARNING:Xst:2565 - Inout <usb_data<7>> is never assigned.
WARNING:Xst:2565 - Inout <fx2<36>> is never assigned.
WARNING:Xst:2565 - Inout <pmod_a<4>> is never assigned.
WARNING:Xst:2565 - Inout <mem_data<15>> is never assigned.
WARNING:Xst:2565 - Inout <fx2<37>> is never assigned.
WARNING:Xst:2565 - Inout <pmod_a<5>> is never assigned.
WARNING:Xst:2565 - Inout <fx2<0>> is never assigned.
WARNING:Xst:2565 - Inout <fx2<38>> is never assigned.
WARNING:Xst:2565 - Inout <pmod_a<6>> is never assigned.
WARNING:Xst:2565 - Inout <fx2<1>> is never assigned.
WARNING:Xst:2565 - Inout <fx2<39>> is never assigned.
WARNING:Xst:2565 - Inout <pmod_a<7>> is never assigned.
WARNING:Xst:2565 - Inout <fx2<2>> is never assigned.
WARNING:Xst:2565 - Inout <ps2_data> is never assigned.
WARNING:Xst:2565 - Inout <fx2<3>> is never assigned.
WARNING:Xst:2565 - Inout <fx2<4>> is never assigned.
WARNING:Xst:2565 - Inout <fx2<5>> is never assigned.
WARNING:Xst:2565 - Inout <fx2<6>> is never assigned.
WARNING:Xst:2565 - Inout <pmod_c<0>> is never assigned.
WARNING:Xst:2565 - Inout <mem_data<0>> is never assigned.
WARNING:Xst:2565 - Inout <fx2<7>> is never assigned.
WARNING:Xst:2565 - Inout <pmod_c<1>> is never assigned.
WARNING:Xst:2565 - Inout <mem_data<1>> is never assigned.
WARNING:Xst:2565 - Inout <fx2<8>> is never assigned.
WARNING:Xst:2565 - Inout <pmod_c<2>> is never assigned.
WARNING:Xst:2565 - Inout <mem_data<2>> is never assigned.
WARNING:Xst:2565 - Inout <fx2<9>> is never assigned.
WARNING:Xst:2565 - Inout <pmod_c<3>> is never assigned.
WARNING:Xst:2565 - Inout <mem_data<3>> is never assigned.
WARNING:Xst:2565 - Inout <pmod_c<4>> is never assigned.
WARNING:Xst:2565 - Inout <mem_data<4>> is never assigned.
WARNING:Xst:2565 - Inout <pmod_c<5>> is never assigned.
WARNING:Xst:2565 - Inout <mem_data<5>> is never assigned.
WARNING:Xst:647 - Input <clk0> is never used. This port will be preserved and left unconnected if it belongs to a top-level block or it belongs to a sub-block and the hierarchy of this sub-block is preserved.
WARNING:Xst:2565 - Inout <pmod_c<6>> is never assigned.
WARNING:Xst:647 - Input <clk1> is never used. This port will be preserved and left unconnected if it belongs to a top-level block or it belongs to a sub-block and the hierarchy of this sub-block is preserved.
WARNING:Xst:2565 - Inout <mem_data<6>> is never assigned.
WARNING:Xst:2565 - Inout <pmod_c<7>> is never assigned.
WARNING:Xst:2565 - Inout <mem_data<7>> is never assigned.
WARNING:Xst:2565 - Inout <mem_data<8>> is never assigned.
WARNING:Xst:2565 - Inout <mem_data<9>> is never assigned.
WARNING:Xst:647 - Input <serial_in> is never used. This port will be preserved and left unconnected if it belongs to a top-level block or it belongs to a sub-block and the hierarchy of this sub-block is preserved.
WARNING:Xst:2565 - Inout <pmod_b<0>> is never assigned.
WARNING:Xst:2565 - Inout <pmod_b<1>> is never assigned.
WARNING:Xst:2565 - Inout <fx2<10>> is never assigned.
WARNING:Xst:647 - Input <buttons<3:1>> is never used. This port will be preserved and left unconnected if it belongs to a top-level block or it belongs to a sub-block and the hierarchy of this sub-block is preserved.
WARNING:Xst:2565 - Inout <pmod_b<2>> is never assigned.
WARNING:Xst:647 - Input <mem_wait> is never used. This port will be preserved and left unconnected if it belongs to a top-level block or it belongs to a sub-block and the hierarchy of this sub-block is preserved.
WARNING:Xst:2565 - Inout <fx2<11>> is never assigned.
WARNING:Xst:647 - Input <usb_flaga> is never used. This port will be preserved and left unconnected if it belongs to a top-level block or it belongs to a sub-block and the hierarchy of this sub-block is preserved.
WARNING:Xst:647 - Input <usb_flagb> is never used. This port will be preserved and left unconnected if it belongs to a top-level block or it belongs to a sub-block and the hierarchy of this sub-block is preserved.
WARNING:Xst:647 - Input <usb_flagc> is never used. This port will be preserved and left unconnected if it belongs to a top-level block or it belongs to a sub-block and the hierarchy of this sub-block is preserved.
WARNING:Xst:2565 - Inout <pmod_b<3>> is never assigned.
WARNING:Xst:2565 - Inout <fx2<12>> is never assigned.
WARNING:Xst:2565 - Inout <pmod_b<4>> is never assigned.
WARNING:Xst:2565 - Inout <fx2<13>> is never assigned.
WARNING:Xst:2565 - Inout <pmod_b<5>> is never assigned.
WARNING:Xst:2565 - Inout <fx2<14>> is never assigned.
WARNING:Xst:2565 - Inout <pmod_b<6>> is never assigned.
WARNING:Xst:2565 - Inout <fx2<15>> is never assigned.
WARNING:Xst:2565 - Inout <fx2<20>> is never assigned.
WARNING:Xst:2565 - Inout <pmod_b<7>> is never assigned.
WARNING:Xst:2565 - Inout <fx2<21>> is never assigned.
WARNING:Xst:2565 - Inout <fx2<16>> is never assigned.
WARNING:Xst:2565 - Inout <fx2<22>> is never assigned.
WARNING:Xst:2565 - Inout <fx2<17>> is never assigned.
WARNING:Xst:2565 - Inout <fx2<23>> is never assigned.
WARNING:Xst:2565 - Inout <fx2<18>> is never assigned.
WARNING:Xst:2565 - Inout <usb_pktend> is never assigned.
WARNING:Xst:2565 - Inout <usb_data<0>> is never assigned.
WARNING:Xst:2565 - Inout <fx2<19>> is never assigned.
WARNING:Xst:2565 - Inout <fx2<24>> is never assigned.
WARNING:Xst:2565 - Inout <usb_data<1>> is never assigned.
WARNING:Xst:2565 - Inout <fx2<25>> is never assigned.
WARNING:Xst:2565 - Inout <fx2<30>> is never assigned.
WARNING:Xst:2565 - Inout <pmod_d<0>> is never assigned.
WARNING:Xst:2565 - Inout <usb_data<2>> is never assigned.
WARNING:Xst:2565 - Inout <fx2<26>> is never assigned.
WARNING:Xst:2565 - Inout <fx2<31>> is never assigned.
WARNING:Xst:2565 - Inout <pmod_d<1>> is never assigned.
WARNING:Xst:2565 - Inout <mem_data<10>> is never assigned.
WARNING:Xst:2565 - Inout <usb_ifclk> is never assigned.
WARNING:Xst:2565 - Inout <usb_data<3>> is never assigned.
WARNING:Xst:2565 - Inout <fx2<27>> is never assigned.
WARNING:Xst:2565 - Inout <fx2<32>> is never assigned.
WARNING:Xst:647 - Input <flash_sts> is never used. This port will be preserved and left unconnected if it belongs to a top-level block or it belongs to a sub-block and the hierarchy of this sub-block is preserved.
WARNING:Xst:2565 - Inout <pmod_d<2>> is never assigned.
WARNING:Xst:2565 - Inout <pmod_a<0>> is never assigned.
WARNING:Xst:2565 - Inout <mem_data<11>> is never assigned.
WARNING:Xst:2565 - Inout <fx2<28>> is never assigned.
WARNING:Xst:2565 - Inout <fx2<33>> is never assigned.
WARNING:Xst:2565 - Inout <usb_data<4>> is never assigned.
WARNING:Xst:646 - Signal <reset> is assigned but never used. This unconnected signal will be trimmed during the optimization process.
Unit <nexys2_toplevel> synthesized.


=========================================================================
HDL Synthesis Report

Found no macro
=========================================================================

=========================================================================
*                       Advanced HDL Synthesis                          *
=========================================================================


=========================================================================
Advanced HDL Synthesis Report

Found no macro
=========================================================================

=========================================================================
*                         Low Level Synthesis                           *
=========================================================================

Optimizing unit <nexys2_toplevel> ...

Mapping all equations...
Building and optimizing final netlist ...
Found area constraint ratio of 100 (+ 5) on block nexys2_toplevel, actual ratio is 0.

Final Macro Processing ...

=========================================================================
Final Register Report

Found no macro
=========================================================================

=========================================================================
*                           Partition Report                             *
=========================================================================

Partition Implementation Status
-------------------------------

  No Partitions were found in this design.

-------------------------------

=========================================================================
*                            Final Report                               *
=========================================================================
Final Results
RTL Top Level Output File Name     : nexys2_toplevel.ngr
Top Level Output File Name         : nexys2_toplevel
Output Format                      : NGC
Optimization Goal                  : Speed
Keep Hierarchy                     : NO

Design Statistics
# IOs                              : 186

Cell Usage :
# BELS                             : 2
#      GND                         : 1
#      VCC                         : 1
# IO Buffers                       : 79
#      IBUF                        : 8
#      OBUF                        : 71
=========================================================================

Device utilization summary:
---------------------------

Selected Device : 3s500efg320-5 

 Number of Slices:                        0  out of   4656     0%  
 Number of IOs:                         186
 Number of bonded IOBs:                  79  out of    232    34%  

---------------------------
Partition Resource Summary:
---------------------------

  No Partitions were found in this design.

---------------------------


=========================================================================
TIMING REPORT

NOTE: THESE TIMING NUMBERS ARE ONLY A SYNTHESIS ESTIMATE.
      FOR ACCURATE TIMING INFORMATION PLEASE REFER TO THE TRACE REPORT
      GENERATED AFTER PLACE-and-ROUTE.

Clock Information:
------------------
No clock signals found in this design

Asynchronous Control Signals Information:
----------------------------------------
No asynchronous control signals found in this design

Timing Summary:
---------------
Speed Grade: -5

   Minimum period: No path found
   Minimum input arrival time before clock: No path found
   Maximum output required time after clock: No path found
   Maximum combinational path delay: 4.632ns

Timing Detail:
--------------
All values displayed in nanoseconds (ns)

=========================================================================
Timing constraint: Default path analysis
  Total number of paths / destination ports: 8 / 8
-------------------------------------------------------------------------
Delay:               4.632ns (Levels of Logic = 2)
  Source:            switches<3> (PAD)
  Destination:       pmod_d<4> (PAD)

  Data Path: switches<3> to pmod_d<4>
                                Gate     Net
    Cell:in->out      fanout   Delay   Delay  Logical Name (Net Name)
    ----------------------------------------  ------------
     IBUF:I->O             1   1.106   0.357  switches_3_IBUF (switches_3_IBUF)
     OBUF:I->O                 3.169          pmod_d_4_OBUF (pmod_d<4>)
    ----------------------------------------
    Total                      4.632ns (4.275ns logic, 0.357ns route)
                                       (92.3% logic, 7.7% route)

=========================================================================


Total REAL time to Xst completion: 4.00 secs
Total CPU time to Xst completion: 4.05 secs
 
--> 

Total memory usage is 131540 kilobytes

Number of errors   :    0 (   0 filtered)
Number of warnings :  105 (   0 filtered)
Number of infos    :    0 (   0 filtered)

